<?xml version="1.0" encoding="UTF-8"?>
<testsuite xmlns:xsi="http://www.w3.org/2001/XMLSchema-instance" xsi:noNamespaceSchemaLocation="https://maven.apache.org/surefire/maven-surefire-plugin/xsd/surefire-test-report.xsd" version="3.0.2" name="org.xue.aibot.AibotApplicationTests" time="2.519" tests="1" errors="0" skipped="0" failures="0">
  <properties>
[...]
</properties>
  <testcase name="contextLoads" classname="org.xue.aibot.AibotApplicationTests" time="0.254">
    <system-out><![CDATA[15:37:46.489 [main] INFO org.springframework.test.context.support.AnnotationConfigContextLoaderUtils -- Could not detect default configuration classes for test class [org.xue.aibot.AibotApplicationTests]: AibotApplicationTests does not declare any static, non-private, non-final, nested classes annotated with @Configuration.
15:37:46.539 [main] INFO org.springframework.boot.test.context.SpringBootTestContextBootstrapper -- Found @SpringBootConfiguration org.xue.aibot.AibotApplication for test class org.xue.aibot.AibotApplicationTests
15:37:46.606 [main] INFO org.springframework.boot.devtools.restart.RestartApplicationListener -- Restart disabled due to context in which it is running

  .   ____          _            __ _ _
 /\\ / ___'_ __ _ _(_)_ __  __ _ \ \ \ \
( ( )\___ | '_ | '_| | '_ \/ _` | \ \ \ \
 \\/  ___)| |_)| | | | | || (_| |  ) ) ) )
  '  |____| .__|_| |_|_| |_\__, | / / / /
 =========|_|==============|___/=/_/_/_/

 :: Spring Boot ::                (v3.4.4)

2025-04-21T15:37:46.735+08:00  INFO 24328 --- [springaibot] [           main] org.xue.aibot.AibotApplicationTests      : Starting AibotApplicationTests using Java 17.0.14 with PID 24328 (started by xueqiang in /Users/xueqiang/jetbrains/IdeaProjects/aibot)
2025-04-21T15:37:46.736+08:00  INFO 24328 --- [springaibot] [           main] org.xue.aibot.AibotApplicationTests      : No active profile set, falling back to 1 default profile: "default"
2025-04-21T15:37:47.133+08:00  INFO 24328 --- [springaibot] [           main] .s.d.r.c.RepositoryConfigurationDelegate : Bootstrapping Spring Data JPA repositories in DEFAULT mode.
2025-04-21T15:37:47.199+08:00  INFO 24328 --- [springaibot] [           main] .s.d.r.c.RepositoryConfigurationDelegate : Finished Spring Data repository scanning in 59 ms. Found 3 JPA repository interfaces.
2025-04-21T15:37:47.381+08:00  INFO 24328 --- [springaibot] [           main] o.hibernate.jpa.internal.util.LogHelper  : HHH000204: Processing PersistenceUnitInfo [name: default]
2025-04-21T15:37:47.411+08:00  INFO 24328 --- [springaibot] [           main] org.hibernate.Version                    : HHH000412: Hibernate ORM core version 6.6.11.Final
2025-04-21T15:37:47.425+08:00  INFO 24328 --- [springaibot] [           main] o.h.c.internal.RegionFactoryInitiator    : HHH000026: Second-level cache disabled
2025-04-21T15:37:47.532+08:00  INFO 24328 --- [springaibot] [           main] o.s.o.j.p.SpringPersistenceUnitInfo      : No LoadTimeWeaver setup: ignoring JPA class transformer
2025-04-21T15:37:47.545+08:00  INFO 24328 --- [springaibot] [           main] com.zaxxer.hikari.HikariDataSource       : HikariPool-1 - Starting...
2025-04-21T15:37:47.692+08:00  INFO 24328 --- [springaibot] [           main] com.zaxxer.hikari.pool.HikariPool        : HikariPool-1 - Added connection com.mysql.cj.jdbc.ConnectionImpl@5bc14211
2025-04-21T15:37:47.693+08:00  INFO 24328 --- [springaibot] [           main] com.zaxxer.hikari.HikariDataSource       : HikariPool-1 - Start completed.
2025-04-21T15:37:47.735+08:00  INFO 24328 --- [springaibot] [           main] org.hibernate.orm.connections.pooling    : HHH10001005: Database info:
	Database JDBC URL [Connecting through datasource 'HikariDataSource (HikariPool-1)']
	Database driver: undefined/unknown
	Database version: 9.2
	Autocommit mode: undefined/unknown
	Isolation level: undefined/unknown
	Minimum pool size: undefined/unknown
	Maximum pool size: undefined/unknown
2025-04-21T15:37:47.982+08:00  INFO 24328 --- [springaibot] [           main] o.h.m.i.EntityInstantiatorPojoStandard   : HHH000182: No default (no-argument) constructor for class: org.xue.aibot.entity.Message (class must be instantiated by Interceptor)
2025-04-21T15:37:48.072+08:00  INFO 24328 --- [springaibot] [           main] o.h.e.t.j.p.i.JtaPlatformInitiator       : HHH000489: No JTA platform available (set 'hibernate.transaction.jta.platform' to enable JTA platform integration)
2025-04-21T15:37:48.097+08:00  INFO 24328 --- [springaibot] [           main] j.LocalContainerEntityManagerFactoryBean : Initialized JPA EntityManagerFactory for persistence unit 'default'
2025-04-21T15:37:48.434+08:00  WARN 24328 --- [springaibot] [           main] JpaBaseConfiguration$JpaWebConfiguration : spring.jpa.open-in-view is enabled by default. Therefore, database queries may be performed during view rendering. Explicitly configure spring.jpa.open-in-view to disable this warning
2025-04-21T15:37:48.578+08:00  WARN 24328 --- [springaibot] [           main] .s.s.UserDetailsServiceAutoConfiguration : 

Using generated security password: e5a4e8c9-72be-474b-ab4e-c28ee6824801

This generated password is for development use only. Your security configuration must be updated before running your application in production.

2025-04-21T15:37:48.584+08:00  INFO 24328 --- [springaibot] [           main] r$InitializeUserDetailsManagerConfigurer : Global AuthenticationManager configured with UserDetailsService bean with name inMemoryUserDetailsManager
2025-04-21T15:37:48.624+08:00 DEBUG 24328 --- [springaibot] [           main] o.s.s.web.DefaultSecurityFilterChain     : Will secure any request with filters: DisableEncodeUrlFilter, WebAsyncManagerIntegrationFilter, SecurityContextHolderFilter, HeaderWriterFilter, CsrfFilter, LogoutFilter, UsernamePasswordAuthenticationFilter, DefaultResourcesFilter, DefaultLoginPageGeneratingFilter, DefaultLogoutPageGeneratingFilter, BasicAuthenticationFilter, RequestCacheAwareFilter, SecurityContextHolderAwareRequestFilter, AnonymousAuthenticationFilter, ExceptionTranslationFilter, AuthorizationFilter
2025-04-21T15:37:48.678+08:00 ERROR 24328 --- [springaibot] [           main] i.n.r.d.DnsServerAddressStreamProviders  : Unable to load io.netty.resolver.dns.macos.MacOSDnsServerAddressStreamProvider, fallback to system defaults. This may result in incorrect DNS resolutions on MacOS. Check whether you have a dependency on 'io.netty:netty-resolver-dns-native-macos'. Use DEBUG level to see the full stack: java.lang.UnsatisfiedLinkError: failed to load the required native library
2025-04-21T15:37:48.687+08:00  INFO 24328 --- [springaibot] [           main] org.xue.aibot.AibotApplicationTests      : Started AibotApplicationTests in 2.085 seconds (process running for 2.525)
]]></system-out>
  </testcase>
</testsuite>